0 info it worked if it ends with ok
1 verbose cli [ '/usr/local/Cellar/node/7.7.4/bin/node',
1 verbose cli   '/usr/local/bin/npm',
1 verbose cli   'install',
1 verbose cli   'git+https://github.com/Robbertdk/bind.js.git' ]
2 info using npm@4.1.2
3 info using node@v7.7.4
4 silly loadCurrentTree Starting
5 silly install loadCurrentTree
6 silly install readLocalPackageData
7 silly fetchPackageMetaData git+https://github.com/Robbertdk/bind.js.git
8 silly fetchOtherPackageData git+https://github.com/Robbertdk/bind.js.git
9 silly cache add args [ 'git+https://github.com/Robbertdk/bind.js.git', null ]
10 verbose cache add spec git+https://github.com/Robbertdk/bind.js.git
11 silly cache add parsed spec Result {
11 silly cache add   raw: 'git+https://github.com/Robbertdk/bind.js.git',
11 silly cache add   scope: null,
11 silly cache add   escapedName: null,
11 silly cache add   name: null,
11 silly cache add   rawSpec: 'git+https://github.com/Robbertdk/bind.js.git',
11 silly cache add   spec: 'git+https://github.com/Robbertdk/bind.js.git',
11 silly cache add   type: 'hosted',
11 silly cache add   hosted:
11 silly cache add    { type: 'github',
11 silly cache add      ssh: 'git@github.com:Robbertdk/bind.js.git',
11 silly cache add      sshUrl: 'git+ssh://git@github.com/Robbertdk/bind.js.git',
11 silly cache add      httpsUrl: 'git+https://github.com/Robbertdk/bind.js.git',
11 silly cache add      gitUrl: 'git://github.com/Robbertdk/bind.js.git',
11 silly cache add      shortcut: 'github:Robbertdk/bind.js',
11 silly cache add      directUrl: 'https://raw.githubusercontent.com/Robbertdk/bind.js/master/package.json' } }
12 verbose addRemoteGit caching git+https://github.com/Robbertdk/bind.js.git
13 verbose addRemoteGit git+https://github.com/Robbertdk/bind.js.git is a repository hosted by github
14 silly tryClone cloning git+https://github.com/Robbertdk/bind.js.git via git+https://github.com/Robbertdk/bind.js.git
15 verbose tryClone git-https-github-com-Robbertdk-bind-js-git-b7d510b4 not in flight; caching
16 verbose correctMkdir /Users/robbertdekuiper/.npm/_git-remotes correctMkdir not in flight; initializing
17 info git [ 'clone',
17 info git   '--template=/Users/robbertdekuiper/.npm/_git-remotes/_templates',
17 info git   '--mirror',
17 info git   'https://github.com/Robbertdk/bind.js.git',
17 info git   '/Users/robbertdekuiper/.npm/_git-remotes/git-https-github-com-Robbertdk-bind-js-git-b7d510b4' ]
18 verbose mirrorRemote git+https://github.com/Robbertdk/bind.js.git git clone https://github.com/Robbertdk/bind.js.git
19 verbose correctMkdir /Users/robbertdekuiper/.npm/_git-remotes correctMkdir not in flight; initializing
20 verbose setPermissions git+https://github.com/Robbertdk/bind.js.git set permissions on /Users/robbertdekuiper/.npm/_git-remotes/git-https-github-com-Robbertdk-bind-js-git-b7d510b4
21 verbose resolveHead git+https://github.com/Robbertdk/bind.js.git original treeish: master
22 info git [ 'rev-list', '-n1', 'master' ]
23 silly resolveHead git+https://github.com/Robbertdk/bind.js.git resolved treeish: 37c3107af22e5a4814fafbcc3465aad292685aea
24 verbose resolveHead git+https://github.com/Robbertdk/bind.js.git resolved Git URL: git+https://github.com/Robbertdk/bind.js.git#37c3107af22e5a4814fafbcc3465aad292685aea
25 silly resolveHead Git working directory: /var/folders/jp/mxrnrm3572q1_34ywr43lz140000gn/T/npm-10814-0ce4a83c/git-cache-720b1509/37c3107af22e5a4814fafbcc3465aad292685aea
26 info git [ 'clone',
26 info git   '/Users/robbertdekuiper/.npm/_git-remotes/git-https-github-com-Robbertdk-bind-js-git-b7d510b4',
26 info git   '/var/folders/jp/mxrnrm3572q1_34ywr43lz140000gn/T/npm-10814-0ce4a83c/git-cache-720b1509/37c3107af22e5a4814fafbcc3465aad292685aea' ]
27 verbose cloneResolved git+https://github.com/Robbertdk/bind.js.git clone Cloning into '/var/folders/jp/mxrnrm3572q1_34ywr43lz140000gn/T/npm-10814-0ce4a83c/git-cache-720b1509/37c3107af22e5a4814fafbcc3465aad292685aea'...
27 verbose cloneResolved done.
28 info git [ 'checkout', '37c3107af22e5a4814fafbcc3465aad292685aea' ]
29 verbose checkoutTreeish git+https://github.com/Robbertdk/bind.js.git checkout Note: checking out '37c3107af22e5a4814fafbcc3465aad292685aea'.
29 verbose checkoutTreeish
29 verbose checkoutTreeish You are in 'detached HEAD' state. You can look around, make experimental
29 verbose checkoutTreeish changes and commit them, and you can discard any commits you make in this
29 verbose checkoutTreeish state without impacting any branches by performing another checkout.
29 verbose checkoutTreeish
29 verbose checkoutTreeish If you want to create a new branch to retain commits you create, you may
29 verbose checkoutTreeish do so (now or later) by using -b with the checkout command again. Example:
29 verbose checkoutTreeish
29 verbose checkoutTreeish   git checkout -b <new-branch-name>
29 verbose checkoutTreeish
29 verbose checkoutTreeish HEAD is now at 37c3107... Fix: listen for select elements events in IE
30 info git [ 'submodule', '-q', 'update', '--init', '--recursive' ]
31 verbose updateSubmodules git+https://github.com/Robbertdk/bind.js.git submodule update
32 error addLocal Could not install /var/folders/jp/mxrnrm3572q1_34ywr43lz140000gn/T/npm-10814-0ce4a83c/git-cache-720b1509/37c3107af22e5a4814fafbcc3465aad292685aea
33 silly fetchPackageMetaData Error: No version provided in package.json
33 silly fetchPackageMetaData     at /usr/local/lib/node_modules/npm/lib/cache/add-local.js:75:17
33 silly fetchPackageMetaData     at /usr/local/lib/node_modules/npm/node_modules/read-package-json/read-json.js:356:5
33 silly fetchPackageMetaData     at checkBinReferences_ (/usr/local/lib/node_modules/npm/node_modules/read-package-json/read-json.js:320:45)
33 silly fetchPackageMetaData     at final (/usr/local/lib/node_modules/npm/node_modules/read-package-json/read-json.js:354:3)
33 silly fetchPackageMetaData     at then (/usr/local/lib/node_modules/npm/node_modules/read-package-json/read-json.js:124:5)
33 silly fetchPackageMetaData     at /usr/local/lib/node_modules/npm/node_modules/read-package-json/read-json.js:243:12
33 silly fetchPackageMetaData     at /usr/local/lib/node_modules/npm/node_modules/graceful-fs/graceful-fs.js:78:16
33 silly fetchPackageMetaData     at tryToString (fs.js:449:3)
33 silly fetchPackageMetaData     at FSReqWrap.readFileAfterClose [as oncomplete] (fs.js:436:12)
33 silly fetchPackageMetaData  error for git+https://github.com/Robbertdk/bind.js.git Error: No version provided in package.json
33 silly fetchPackageMetaData     at /usr/local/lib/node_modules/npm/lib/cache/add-local.js:75:17
33 silly fetchPackageMetaData     at /usr/local/lib/node_modules/npm/node_modules/read-package-json/read-json.js:356:5
33 silly fetchPackageMetaData     at checkBinReferences_ (/usr/local/lib/node_modules/npm/node_modules/read-package-json/read-json.js:320:45)
33 silly fetchPackageMetaData     at final (/usr/local/lib/node_modules/npm/node_modules/read-package-json/read-json.js:354:3)
33 silly fetchPackageMetaData     at then (/usr/local/lib/node_modules/npm/node_modules/read-package-json/read-json.js:124:5)
33 silly fetchPackageMetaData     at /usr/local/lib/node_modules/npm/node_modules/read-package-json/read-json.js:243:12
33 silly fetchPackageMetaData     at /usr/local/lib/node_modules/npm/node_modules/graceful-fs/graceful-fs.js:78:16
33 silly fetchPackageMetaData     at tryToString (fs.js:449:3)
33 silly fetchPackageMetaData     at FSReqWrap.readFileAfterClose [as oncomplete] (fs.js:436:12)
34 silly rollbackFailedOptional Starting
35 silly rollbackFailedOptional Finishing
36 silly runTopLevelLifecycles Finishing
37 silly install printInstalled
38 verbose stack Error: No version provided in package.json
38 verbose stack     at /usr/local/lib/node_modules/npm/lib/cache/add-local.js:75:17
38 verbose stack     at /usr/local/lib/node_modules/npm/node_modules/read-package-json/read-json.js:356:5
38 verbose stack     at checkBinReferences_ (/usr/local/lib/node_modules/npm/node_modules/read-package-json/read-json.js:320:45)
38 verbose stack     at final (/usr/local/lib/node_modules/npm/node_modules/read-package-json/read-json.js:354:3)
38 verbose stack     at then (/usr/local/lib/node_modules/npm/node_modules/read-package-json/read-json.js:124:5)
38 verbose stack     at /usr/local/lib/node_modules/npm/node_modules/read-package-json/read-json.js:243:12
38 verbose stack     at /usr/local/lib/node_modules/npm/node_modules/graceful-fs/graceful-fs.js:78:16
38 verbose stack     at tryToString (fs.js:449:3)
38 verbose stack     at FSReqWrap.readFileAfterClose [as oncomplete] (fs.js:436:12)
39 verbose cwd /Users/robbertdekuiper/Desktop/bind.js
40 error Darwin 16.5.0
41 error argv "/usr/local/Cellar/node/7.7.4/bin/node" "/usr/local/bin/npm" "install" "git+https://github.com/Robbertdk/bind.js.git"
42 error node v7.7.4
43 error npm  v4.1.2
44 error No version provided in package.json
45 error If you need help, you may report this error at:
45 error     <https://github.com/npm/npm/issues>
46 verbose exit [ 1, true ]
